<?xml version="1.0" encoding="UTF-8"?>
<!-- Generated by org.testng.reporters.JUnitReportReporter -->
<testsuite hostname="TSQA-L109" failures="0" tests="1" name="testSuite.TestAction01" time="2.369" errors="0" timestamp="2024-09-08T18:34:54 IST" skipped="0">
  <testcase classname="testSuite.TestAction01" name="tc_01_textBoxAction" time="2.369"/>
</testsuite> <!-- testSuite.TestAction01 -->
