<?xml version="1.0" encoding="UTF-8"?>
<!-- Generated by org.testng.reporters.JUnitReportReporter -->
<testsuite hostname="TSQA-L109" failures="0" tests="3" name="testSuite.TestAction03Login" time="24.353" errors="0" timestamp="2024-09-03T18:53:20 IST" skipped="0">
  <testcase classname="testSuite.TestAction03Login" name="tc_03_BookStoreLogin" time="24.301"/>
  <testcase classname="testSuite.TestAction03Login" name="tc_03_BookStoreLogin" time="0.033"/>
  <testcase classname="testSuite.TestAction03Login" name="tc_03_BookStoreLogin" time="0.019"/>
</testsuite> <!-- testSuite.TestAction03Login -->
