<?xml version="1.0" encoding="UTF-8"?>
<!-- Generated by org.testng.reporters.JUnitReportReporter -->
<testsuite hostname="TSQA-L109" failures="0" tests="1" name="testSuite.TestAction02" time="0.287" errors="0" timestamp="2024-09-03T18:47:04 IST" skipped="0">
  <testcase classname="testSuite.TestAction02" name="tc_02_checkBoxAction" time="0.287"/>
</testsuite> <!-- testSuite.TestAction02 -->
