<?xml version="1.0" encoding="UTF-8"?>
<!-- Generated by org.testng.reporters.JUnitReportReporter -->
<testsuite hostname="TSQA-L109" failures="0" tests="1" name="testSuite.TC_01_AllegiantHome" time="27.954" errors="0" timestamp="2024-08-09T11:15:27 IST" skipped="0">
  <testcase classname="testSuite.TC_01_AllegiantHome" name="homePage" time="27.954"/>
</testsuite> <!-- testSuite.TC_01_AllegiantHome -->
